[05:43:47] [ServerMain/INFO]: Environment: Environment[sessionHost=https://sessionserver.mojang.com, servicesHost=https://api.minecraftservices.com, name=PROD]
[05:43:49] [ServerMain/INFO]: No existing world data, creating new world
[05:43:50] [ServerMain/INFO]: Loaded 1290 recipes
[05:43:50] [ServerMain/INFO]: Loaded 1399 advancements
[05:43:51] [Server thread/INFO]: Starting minecraft server version 1.21
[05:43:51] [Server thread/INFO]: Loading properties
[05:43:51] [Server thread/INFO]: Default game type: SURVIVAL
[05:43:51] [Server thread/INFO]: Generating keypair
[05:43:51] [Server thread/INFO]: Starting Minecraft server on *:25565
[05:43:51] [Server thread/INFO]: Using epoll channel type
[05:43:51] [Server thread/WARN]: **** SERVER IS RUNNING IN OFFLINE/INSECURE MODE!
[05:43:51] [Server thread/WARN]: The server will make no attempt to authenticate usernames. Beware.
[05:43:51] [Server thread/WARN]: While this makes the game possible to play without internet access, it also opens up the ability for hackers to connect with any username they choose.
[05:43:51] [Server thread/WARN]: To change this, set "online-mode" to "true" in the server.properties file.
[05:43:51] [Server thread/INFO]: Preparing level "world"
[05:44:05] [Server thread/INFO]: Preparing start region for dimension minecraft:overworld
[05:44:05] [Worker-Main-1/INFO]: Preparing spawn area: 2%
[05:44:07] [Worker-Main-1/INFO]: Preparing spawn area: 2%
[05:44:07] [Worker-Main-1/INFO]: Preparing spawn area: 2%
[05:44:07] [Worker-Main-1/INFO]: Preparing spawn area: 2%
[05:44:07] [Worker-Main-1/INFO]: Preparing spawn area: 2%
[05:44:08] [Worker-Main-1/INFO]: Preparing spawn area: 2%
[05:44:08] [Worker-Main-1/INFO]: Preparing spawn area: 2%
[05:44:08] [Worker-Main-1/INFO]: Preparing spawn area: 2%
[05:44:09] [Worker-Main-1/INFO]: Preparing spawn area: 2%
[05:44:09] [Worker-Main-1/INFO]: Preparing spawn area: 2%
[05:44:10] [Worker-Main-1/INFO]: Preparing spawn area: 2%
[05:44:10] [Worker-Main-1/INFO]: Preparing spawn area: 2%
[05:44:11] [Worker-Main-1/INFO]: Preparing spawn area: 2%
[05:44:11] [Worker-Main-1/INFO]: Preparing spawn area: 2%
[05:44:12] [Worker-Main-1/INFO]: Preparing spawn area: 2%
[05:44:12] [Worker-Main-1/INFO]: Preparing spawn area: 2%
[05:44:13] [Worker-Main-1/INFO]: Preparing spawn area: 2%
[05:44:13] [Worker-Main-1/INFO]: Preparing spawn area: 2%
[05:44:14] [Worker-Main-1/INFO]: Preparing spawn area: 2%
[05:44:14] [Worker-Main-1/INFO]: Preparing spawn area: 2%
[05:44:15] [Worker-Main-1/INFO]: Preparing spawn area: 2%
[05:44:15] [Worker-Main-1/INFO]: Preparing spawn area: 71%
[05:44:16] [Server thread/INFO]: Time elapsed: 11053 ms
[05:44:16] [Server thread/INFO]: Done (24.457s)! For help, type "help"
[05:46:06] [Server thread/INFO]: marmotamafiosa[/127.27.51.197:60617] logged in with entity id 34 at (-25.5, 68.0, 18.5)
[05:46:06] [Server thread/INFO]: marmotamafiosa joined the game
[05:46:35] [Server thread/INFO]: Made marmotamafiosa a server operator
[05:46:57] [Server thread/INFO]: [marmotamafiosa: Set own game mode to Creative Mode]
[05:47:53] [Server thread/INFO]: marmotamafiosa lost connection: Disconnected
[05:47:53] [Server thread/INFO]: marmotamafiosa left the game
[05:48:35] [Server thread/INFO]: Stopping the server
[05:48:35] [Server thread/INFO]: Stopping server
[05:48:35] [Server thread/INFO]: Saving players
[05:48:35] [Server thread/INFO]: Saving worlds
[05:48:35] [Server thread/INFO]: Saving chunks for level 'ServerLevel[world]'/minecraft:overworld
[05:48:36] [Server thread/INFO]: Saving chunks for level 'ServerLevel[world]'/minecraft:the_end
[05:48:36] [Server thread/INFO]: Saving chunks for level 'ServerLevel[world]'/minecraft:the_nether
[05:48:36] [Server thread/INFO]: ThreadedAnvilChunkStorage (world): All chunks are saved
[05:48:36] [Server thread/INFO]: ThreadedAnvilChunkStorage (DIM1): All chunks are saved
[05:48:36] [Server thread/INFO]: ThreadedAnvilChunkStorage (DIM-1): All chunks are saved
[05:48:36] [Server thread/INFO]: ThreadedAnvilChunkStorage: All dimensions are saved
